# JRE version: Java(TM) SE Runtime Environment (8.0_171-b11) (build 1.8.0_171-b11)
# Java VM: Java HotSpot(TM) 64-Bit Server VM (25.171-b11 mixed mode windows-amd64 compressed oops)
Heap:
 PSYoungGen      total 207872K, used 169422K [0x00000000e0000000, 0x00000000f1900000, 0x0000000100000000)
  eden space 161280K, 83% used [0x00000000e0000000,0x00000000e841a410,0x00000000e9d80000)
  from space 46592K, 73% used [0x00000000e9d80000,0x00000000ebed9570,0x00000000ecb00000)
  to   space 49664K, 0% used [0x00000000ee880000,0x00000000ee880000,0x00000000f1900000)
 ParOldGen       total 161280K, used 78511K [0x00000000a0000000, 0x00000000a9d80000, 0x00000000e0000000)
  object space 161280K, 48% used [0x00000000a0000000,0x00000000a4cabc18,0x00000000a9d80000)
 Metaspace       used 85883K, capacity 89000K, committed 89304K, reserved 1126400K
  class space    used 11282K, capacity 11943K, committed 12032K, reserved 1048576K
GC Heap History (10 events):
Event: 24.963 GC heap before
{Heap before GC invocations=16 (full 3):
 PSYoungGen      total 134656K, used 118784K [0x00000000e0000000, 0x00000000ea000000, 0x0000000100000000)
  eden space 118784K, 100% used [0x00000000e0000000,0x00000000e7400000,0x00000000e7400000)
  from space 15872K, 0% used [0x00000000e8780000,0x00000000e8780000,0x00000000e9700000)
  to   space 19968K, 0% used [0x00000000e7400000,0x00000000e7400000,0x00000000e8780000)
 ParOldGen       total 161280K, used 35455K [0x00000000a0000000, 0x00000000a9d80000, 0x00000000e0000000)
  object space 161280K, 21% used [0x00000000a0000000,0x00000000a229fc98,0x00000000a9d80000)
 Metaspace       used 60762K, capacity 62478K, committed 62680K, reserved 1103872K
  class space    used 8404K, capacity 8834K, committed 8960K, reserved 1048576K
Event: 24.970 GC heap after
Heap after GC invocations=16 (full 3):
 PSYoungGen      total 138752K, used 8575K [0x00000000e0000000, 0x00000000eab80000, 0x0000000100000000)
  eden space 118784K, 0% used [0x00000000e0000000,0x00000000e0000000,0x00000000e7400000)
  from space 19968K, 42% used [0x00000000e7400000,0x00000000e7c5fd10,0x00000000e8780000)
  to   space 19456K, 0% used [0x00000000e9880000,0x00000000e9880000,0x00000000eab80000)
 ParOldGen       total 161280K, used 35463K [0x00000000a0000000, 0x00000000a9d80000, 0x00000000e0000000)
  object space 161280K, 21% used [0x00000000a0000000,0x00000000a22a1c98,0x00000000a9d80000)
 Metaspace       used 60762K, capacity 62478K, committed 62680K, reserved 1103872K
  class space    used 8404K, capacity 8834K, committed 8960K, reserved 1048576K
}
Event: 27.957 GC heap before
{Heap before GC invocations=17 (full 3):
 PSYoungGen      total 138752K, used 127359K [0x00000000e0000000, 0x00000000eab80000, 0x0000000100000000)
  eden space 118784K, 100% used [0x00000000e0000000,0x00000000e7400000,0x00000000e7400000)
  from space 19968K, 42% used [0x00000000e7400000,0x00000000e7c5fd10,0x00000000e8780000)
  to   space 19456K, 0% used [0x00000000e9880000,0x00000000e9880000,0x00000000eab80000)
 ParOldGen       total 161280K, used 35463K [0x00000000a0000000, 0x00000000a9d80000, 0x00000000e0000000)
  object space 161280K, 21% used [0x00000000a0000000,0x00000000a22a1c98,0x00000000a9d80000)
 Metaspace       used 66079K, capacity 67782K, committed 67928K, reserved 1107968K
  class space    used 9040K, capacity 9520K, committed 9600K, reserved 1048576K
Event: 27.985 GC heap after
Heap after GC invocations=17 (full 3):
 PSYoungGen      total 148992K, used 19448K [0x00000000e0000000, 0x00000000ebb80000, 0x0000000100000000)
  eden space 129536K, 0% used [0x00000000e0000000,0x00000000e0000000,0x00000000e7e80000)
  from space 19456K, 99% used [0x00000000e9880000,0x00000000eab7e2a0,0x00000000eab80000)
  to   space 26624K, 0% used [0x00000000e7e80000,0x00000000e7e80000,0x00000000e9880000)
 ParOldGen       total 161280K, used 48350K [0x00000000a0000000, 0x00000000a9d80000, 0x00000000e0000000)
  object space 161280K, 29% used [0x00000000a0000000,0x00000000a2f37a58,0x00000000a9d80000)
 Metaspace       used 66079K, capacity 67782K, committed 67928K, reserved 1107968K
  class space    used 9040K, capacity 9520K, committed 9600K, reserved 1048576K
}
Event: 29.243 GC heap before
{Heap before GC invocations=18 (full 3):
 PSYoungGen      total 148992K, used 148984K [0x00000000e0000000, 0x00000000ebb80000, 0x0000000100000000)
  eden space 129536K, 100% used [0x00000000e0000000,0x00000000e7e80000,0x00000000e7e80000)
  from space 19456K, 99% used [0x00000000e9880000,0x00000000eab7e2a0,0x00000000eab80000)
  to   space 26624K, 0% used [0x00000000e7e80000,0x00000000e7e80000,0x00000000e9880000)
 ParOldGen       total 161280K, used 48350K [0x00000000a0000000, 0x00000000a9d80000, 0x00000000e0000000)
  object space 161280K, 29% used [0x00000000a0000000,0x00000000a2f37a58,0x00000000a9d80000)
 Metaspace       used 68080K, capacity 69740K, committed 70104K, reserved 1110016K
  class space    used 9150K, capacity 9617K, committed 9728K, reserved 1048576K
Event: 29.299 GC heap after
Heap after GC invocations=18 (full 3):
 PSYoungGen      total 156160K, used 26607K [0x00000000e0000000, 0x00000000ef400000, 0x0000000100000000)
  eden space 129536K, 0% used [0x00000000e0000000,0x00000000e0000000,0x00000000e7e80000)
  from space 26624K, 99% used [0x00000000e7e80000,0x00000000e987bc90,0x00000000e9880000)
  to   space 41984K, 0% used [0x00000000ecb00000,0x00000000ecb00000,0x00000000ef400000)
 ParOldGen       total 161280K, used 78495K [0x00000000a0000000, 0x00000000a9d80000, 0x00000000e0000000)
  object space 161280K, 48% used [0x00000000a0000000,0x00000000a4ca7c18,0x00000000a9d80000)
 Metaspace       used 68080K, capacity 69740K, committed 70104K, reserved 1110016K
  class space    used 9150K, capacity 9617K, committed 9728K, reserved 1048576K
}
Event: 33.712 GC heap before
{Heap before GC invocations=19 (full 3):
 PSYoungGen      total 156160K, used 156143K [0x00000000e0000000, 0x00000000ef400000, 0x0000000100000000)
  eden space 129536K, 100% used [0x00000000e0000000,0x00000000e7e80000,0x00000000e7e80000)
  from space 26624K, 99% used [0x00000000e7e80000,0x00000000e987bc90,0x00000000e9880000)
  to   space 41984K, 0% used [0x00000000ecb00000,0x00000000ecb00000,0x00000000ef400000)
 ParOldGen       total 161280K, used 78495K [0x00000000a0000000, 0x00000000a9d80000, 0x00000000e0000000)
  object space 161280K, 48% used [0x00000000a0000000,0x00000000a4ca7c18,0x00000000a9d80000)
 Metaspace       used 76679K, capacity 78758K, committed 78936K, reserved 1118208K
  class space    used 10232K, capacity 10758K, committed 10880K, reserved 1048576K
Event: 33.754 GC heap after
Heap after GC invocations=19 (full 3):
 PSYoungGen      total 203264K, used 36395K [0x00000000e0000000, 0x00000000efb00000, 0x0000000100000000)
  eden space 161280K, 0% used [0x00000000e0000000,0x00000000e0000000,0x00000000e9d80000)
  from space 41984K, 86% used [0x00000000ecb00000,0x00000000eee8ace0,0x00000000ef400000)
  to   space 46592K, 0% used [0x00000000e9d80000,0x00000000e9d80000,0x00000000ecb00000)
 ParOldGen       total 161280K, used 78503K [0x00000000a0000000, 0x00000000a9d80000, 0x00000000e0000000)
  object space 161280K, 48% used [0x00000000a0000000,0x00000000a4ca9c18,0x00000000a9d80000)
 Metaspace       used 76679K, capacity 78758K, committed 78936K, reserved 1118208K
  class space    used 10232K, capacity 10758K, committed 10880K, reserved 1048576K
}
Event: 36.539 GC heap before
{Heap before GC invocations=20 (full 3):
 PSYoungGen      total 203264K, used 197675K [0x00000000e0000000, 0x00000000efb00000, 0x0000000100000000)
  eden space 161280K, 100% used [0x00000000e0000000,0x00000000e9d80000,0x00000000e9d80000)
  from space 41984K, 86% used [0x00000000ecb00000,0x00000000eee8ace0,0x00000000ef400000)
  to   space 46592K, 0% used [0x00000000e9d80000,0x00000000e9d80000,0x00000000ecb00000)
 ParOldGen       total 161280K, used 78503K [0x00000000a0000000, 0x00000000a9d80000, 0x00000000e0000000)
  object space 161280K, 48% used [0x00000000a0000000,0x00000000a4ca9c18,0x00000000a9d80000)
 Metaspace       used 80642K, capacity 83364K, committed 83544K, reserved 1122304K
  class space    used 10761K, capacity 11383K, committed 11392K, reserved 1048576K
Event: 36.567 GC heap after
Heap after GC invocations=20 (full 3):
 PSYoungGen      total 207872K, used 34149K [0x00000000e0000000, 0x00000000f1900000, 0x0000000100000000)
  eden space 161280K, 0% used [0x00000000e0000000,0x00000000e0000000,0x00000000e9d80000)
  from space 46592K, 73% used [0x00000000e9d80000,0x00000000ebed9570,0x00000000ecb00000)
  to   space 49664K, 0% used [0x00000000ee880000,0x00000000ee880000,0x00000000f1900000)
 ParOldGen       total 161280K, used 78511K [0x00000000a0000000, 0x00000000a9d80000, 0x00000000e0000000)
  object space 161280K, 48% used [0x00000000a0000000,0x00000000a4cabc18,0x00000000a9d80000)
 Metaspace       used 80642K, capacity 83364K, committed 83544K, reserved 1122304K
  class space    used 10761K, capacity 11383K, committed 11392K, reserved 1048576K
}

